<?xml version="1.0" encoding="UTF-8"?>
<!-- Generated by org.testng.reporters.JUnitReportReporter -->
<testsuite hostname="Jatin" failures="0" tests="1" name="Session07.QueryParameter" time="6.427" errors="0" timestamp="2024-05-16T14:48:00 IST" skipped="0">
  <testcase classname="Session07.QueryParameter" name="Querypatameter" time="6.427"/>
  <system-out/>
</testsuite> <!-- Session07.QueryParameter -->
