<?xml version="1.0" encoding="UTF-8"?>
<!-- Generated by org.testng.reporters.JUnitReportReporter -->
<testsuite hostname="Jatin" failures="0" tests="1" name="Session10.AuthorizationusingAPI" time="4.449" errors="0" timestamp="2024-05-16T18:21:50 IST" skipped="0">
  <testcase classname="Session10.AuthorizationusingAPI" name="AuthorizationAPIKey" time="4.449"/>
  <system-out/>
</testsuite> <!-- Session10.AuthorizationusingAPI -->
