<?xml version="1.0" encoding="UTF-8"?>
<!-- Generated by org.testng.reporters.JUnitReportReporter -->
<testsuite hostname="Jatin" failures="0" tests="1" name="Session03.Test_PutMethod" time="7.475" errors="0" timestamp="2024-05-14T15:04:47 IST" skipped="0">
  <testcase classname="Session03.Test_PutMethod" name="test04" time="7.475"/>
  <system-out/>
</testsuite> <!-- Session03.Test_PutMethod -->
