<?xml version="1.0" encoding="UTF-8"?>
<!-- Generated by org.testng.reporters.JUnitReportReporter -->
<testsuite hostname="Jatin" failures="0" tests="3" name="Session04.CheckForValidResponse" time="3.926" errors="0" timestamp="2024-05-15T16:04:49 IST" skipped="2">
  <testcase classname="Session04.CheckForValidResponse" name="GetSingleUserusing_BDDStyle" time="3.926"/>
  <system-out/>
  <testcase classname="Session04.CheckForValidResponse" name="GetSingleUserusingValidatableResponse">
    <skipped/>
  </testcase> <!-- GetSingleUserusingValidatableResponse -->
  <system-out/>
  <testcase classname="Session04.CheckForValidResponse" name="GetSingleUser">
    <skipped/>
  </testcase> <!-- GetSingleUser -->
  <system-out/>
</testsuite> <!-- Session04.CheckForValidResponse -->
