<?xml version="1.0" encoding="UTF-8"?>
<!-- Generated by org.testng.reporters.JUnitReportReporter -->
<testsuite hostname="Jatin" failures="0" tests="1" name="Session09.AuthorizationusingRestAssured" time="5.395" errors="0" timestamp="2024-05-16T17:43:09 IST" skipped="0">
  <testcase classname="Session09.AuthorizationusingRestAssured" name="BearerToken" time="5.395"/>
  <system-out/>
</testsuite> <!-- Session09.AuthorizationusingRestAssured -->
