<?xml version="1.0" encoding="UTF-8"?>
<!-- Generated by org.testng.reporters.JUnitReportReporter -->
<testsuite hostname="Jatin" failures="0" tests="1" name="Session05.ValidateResponseHeader" time="5.524" errors="0" timestamp="2024-05-15T18:13:12 IST" skipped="0">
  <testcase classname="Session05.ValidateResponseHeader" name="ValidateHeader" time="5.524"/>
  <system-out/>
</testsuite> <!-- Session05.ValidateResponseHeader -->
