<?xml version="1.0" encoding="UTF-8"?>
<!-- Generated by org.testng.reporters.JUnitReportReporter -->
<testsuite hostname="Jatin" failures="0" tests="1" name="Session03.Test_PostMethod" time="4.412" errors="0" timestamp="2024-05-14T15:02:38 IST" skipped="0">
  <testcase classname="Session03.Test_PostMethod" name="test03" time="4.412"/>
  <system-out/>
</testsuite> <!-- Session03.Test_PostMethod -->
