<?xml version="1.0" encoding="UTF-8"?>
<!-- Generated by org.testng.reporters.JUnitReportReporter -->
<testsuite hostname="Jatin" failures="0" tests="2" name="Session03.Test_GetMethod" time="5.833" errors="0" timestamp="2024-05-17T00:52:57 IST" skipped="0">
  <testcase classname="Session03.Test_GetMethod" name="test01" time="5.449"/>
  <system-out/>
  <testcase classname="Session03.Test_GetMethod" name="test02BDDStyle" time="0.384"/>
  <system-out/>
</testsuite> <!-- Session03.Test_GetMethod -->
