<?xml version="1.0" encoding="UTF-8"?>
<!-- Generated by org.testng.reporters.JUnitReportReporter -->
<testsuite hostname="Jatin" failures="0" tests="1" name="Session06.ValidateResponseBody" time="5.101" errors="0" timestamp="2024-05-16T12:10:03 IST" skipped="0">
  <testcase classname="Session06.ValidateResponseBody" name="validateBody" time="5.101"/>
  <system-out/>
</testsuite> <!-- Session06.ValidateResponseBody -->
