<?xml version="1.0" encoding="UTF-8"?>
<!-- Generated by org.testng.reporters.JUnitReportReporter -->
<testsuite hostname="Jatin" failures="0" tests="1" name="RestAssured.FirstGetRequest" time="5.021" errors="0" timestamp="2024-05-14T01:48:34 IST" skipped="0">
  <testcase classname="RestAssured.FirstGetRequest" name="testcase01" time="5.021"/>
  <system-out/>
</testsuite> <!-- RestAssured.FirstGetRequest -->
