<?xml version="1.0" encoding="UTF-8"?>
<!-- Generated by org.testng.reporters.JUnitReportReporter -->
<testsuite hostname="Jatin" failures="0" tests="1" name="Session08.Authorization" time="5.215" errors="0" timestamp="2024-05-16T15:58:57 IST" skipped="0">
  <testcase classname="Session08.Authorization" name="Basicauth" time="5.215"/>
  <system-out/>
</testsuite> <!-- Session08.Authorization -->
